make all --print-data-base --no-builtin-variables --no-builtin-rules --question
# GNU Make 3.81
# Copyright (C) 2006  Free Software Foundation, Inc.
# This is free software; see the source for copying conditions.
# There is NO warranty; not even for MERCHANTABILITY or FITNESS FOR A
# PARTICULAR PURPOSE.

# This program built for i386-apple-darwin11.3.0

# Make data base, printed on Wed May 25 09:37:41 2022

# Variables

# automatic
<D = $(patsubst %/,%,$(dir $<))
# automatic
?F = $(notdir $?)
# makefile (from `Makefile', line 20)
OBJ = $(SRC:%.c=%.o)
# makefile (from `Makefile', line 7)
SRC = srcs/main.c srcs/ft_split_cub.c srcs/parser.c srcs/parser_2.c srcs/parser_3.c srcs/deal_key.c srcs/minimap.c srcs/vision.c srcs/movements.c srcs/map3d.c srcs/utils.c srcs/texture.c 
# environment
VSCODE_LOG_NATIVE = false
# automatic
?D = $(patsubst %/,%,$(dir $?))
# automatic
@D = $(patsubst %/,%,$(dir $@))
# automatic
@F = $(notdir $@)
# makefile
CURDIR := /Users/ramzi/Desktop/42/Cub3d
# makefile
SHELL = /bin/sh
# environment
VSCODE_NLS_CONFIG = {"locale":"en-gb","availableLanguages":{},"_languagePackSupport":true}
# environment
_ = /usr/bin/make
# makefile (from `Makefile', line 1)
MAKEFILE_LIST :=  Makefile
# environment
VSCODE_VERBOSE_LOGGING = true
# environment
__CFBundleIdentifier = com.microsoft.VSCode
# environment
VSCODE_IPC_HOOK_EXTHOST = /var/folders/v2/dbvlmy_s0gzdqldggwjnz0r80000gn/T/vscode-ipc-27396761-0b91-4ef8-b373-c0653d8919c6.sock
# environment
VSCODE_CWD = /
# environment
PATH = /usr/bin:/bin:/usr/sbin:/sbin
# environment
LaunchInstanceID = 31355C75-4D03-4331-854D-24AF57D2D1C1
# environment
VSCODE_LOG_STACK = false
# environment
ELECTRON_RUN_AS_NODE = 1
# default
.FEATURES := target-specific order-only second-expansion else-if archives jobserver check-symlink
# environment
SSH_AUTH_SOCK = /private/tmp/com.apple.launchd.elPqPMcN2R/Listeners
# automatic
%F = $(notdir $%)
# environment
VSCODE_PIPE_LOGGING = true
# environment
PWD = /Users/ramzi/Desktop/42/Cub3d
# environment
ORIGINAL_XDG_CURRENT_DESKTOP = undefined
# environment
VSCODE_AMD_ENTRYPOINT = vs/workbench/api/node/extensionHostProcess
# environment
HOME = /Users/ramzi
# default
MAKEFILEPATH := /Applications/Xcode-beta.app/Contents/Developer/Makefiles
# environment
VSCODE_CODE_CACHE_PATH = /Users/ramzi/Library/Application Support/Code/CachedData/57fd6d0195bb9b9d1b49f6da5db789060795de47
# environment
LOGNAME = ramzi
# environment
APPLICATION_INSIGHTS_NO_DIAGNOSTIC_CHANNEL = 1
# environment
VSCODE_HANDLES_UNCAUGHT_ERRORS = true
# automatic
^D = $(patsubst %/,%,$(dir $^))
# environment
XPC_FLAGS = 0x0
# default
MAKE = $(MAKE_COMMAND)
# default
MAKECMDGOALS := all
# environment
SHLVL = 1
# makefile (from `Makefile', line 3)
CC = cc
# default
MAKE_VERSION := 3.81
# environment
USER = ramzi
# makefile
.DEFAULT_GOAL := all
# makefile (from `Makefile', line 1)
NAME = cub3d
# automatic
%D = $(patsubst %/,%,$(dir $%))
# default
MAKE_COMMAND := /Applications/Xcode-beta.app/Contents/Developer/usr/bin/make
# default
.VARIABLES := 
# environment
TMPDIR = /var/folders/v2/dbvlmy_s0gzdqldggwjnz0r80000gn/T/
# automatic
*F = $(notdir $*)
# environment
VSCODE_IPC_HOOK = /Users/ramzi/Library/Application Support/Code/1.67.0-main.sock
# makefile
MAKEFLAGS = Rrqp
# environment
MFLAGS = -Rrqp
# automatic
*D = $(patsubst %/,%,$(dir $*))
# environment
XPC_SERVICE_NAME = application.com.microsoft.VSCode.12932508225.12932508231
# automatic
+D = $(patsubst %/,%,$(dir $+))
# automatic
+F = $(notdir $+)
# makefile (from `Makefile', line 5)
LDFLAG = -Lmlx -framework OpenGL -framework AppKit
# environment
__CF_USER_TEXT_ENCODING = 0x1F5:0x0:0x0
# environment
COMMAND_MODE = unix2003
# default
MAKEFILES := 
# automatic
<F = $(notdir $<)
# environment
LC_ALL = C
# environment
SECURITYSESSIONID = 186a3
# automatic
^F = $(notdir $^)
# default
SUFFIXES := 
# makefile (from `Makefile', line 4)
FLAGS = -g -Wall -Wextra -Werror 
# default
.INCLUDE_DIRS = /usr/local/include
# environment
MAKELEVEL := 0
# environment
LANG = C
# environment
VSCODE_PID = 359
# variable set hash-table stats:
# Load=70/1024=7%, Rehash=0, Collisions=3/98=3%

# Pattern-specific Variable Values

# No pattern-specific variable values.

# Directories

# . (device 16777225, inode 12932646735): 13 files, no impossibilities.
# srcs (device 16777225, inode 12932647240): 27 files, no impossibilities so far.

# 40 files, no impossibilities in 2 directories.

# Implicit Rules

%.o: %.c
#  commands to execute (from `Makefile', line 23):
	$(CC) $(FLAGS) -c $< -o $@ 
	

# 1 implicit rules, 0 (0.0%) terminal.

# Files

srcs/minimap.o: srcs/minimap.c
#  Implicit rule search has been done.
#  Implicit/static pattern stem: `srcs/minimap'
#  Last modified 2022-05-25 00:38:44
#  File has been updated.
#  Successfully updated.
# variable set hash-table stats:
# Load=0/32=0%, Rehash=0, Collisions=0/0=0%
#  commands to execute (from `Makefile', line 23):
	$(CC) $(FLAGS) -c $< -o $@ 
	

# Not a target:
srcs/parser.c:
#  Implicit rule search has been done.
#  Last modified 2022-05-25 00:38:44
#  File has been updated.
#  Successfully updated.
# variable set hash-table stats:
# Load=0/32=0%, Rehash=0, Collisions=0/0=0%

all: cub3d
#  Command-line target.
#  Implicit rule search has been done.
#  File does not exist.
#  File has been updated.
#  Successfully updated.
# variable set hash-table stats:
# Load=0/32=0%, Rehash=0, Collisions=0/0=0%

srcs/parser_2.o: srcs/parser_2.c
#  Implicit rule search has been done.
#  Implicit/static pattern stem: `srcs/parser_2'
#  Last modified 2022-05-25 00:38:44
#  File has been updated.
#  Successfully updated.
# variable set hash-table stats:
# Load=0/32=0%, Rehash=0, Collisions=0/0=0%
#  commands to execute (from `Makefile', line 23):
	$(CC) $(FLAGS) -c $< -o $@ 
	

srcs/deal_key.o: srcs/deal_key.c
#  Implicit rule search has been done.
#  Implicit/static pattern stem: `srcs/deal_key'
#  Last modified 2022-05-25 00:38:44
#  File has been updated.
#  Successfully updated.
# variable set hash-table stats:
# Load=0/32=0%, Rehash=0, Collisions=0/0=0%
#  commands to execute (from `Makefile', line 23):
	$(CC) $(FLAGS) -c $< -o $@ 
	

srcs/map3d.o: srcs/map3d.c
#  Implicit rule search has been done.
#  Implicit/static pattern stem: `srcs/map3d'
#  Last modified 2022-05-25 00:38:44
#  File has been updated.
#  Successfully updated.
# variable set hash-table stats:
# Load=0/32=0%, Rehash=0, Collisions=0/0=0%
#  commands to execute (from `Makefile', line 23):
	$(CC) $(FLAGS) -c $< -o $@ 
	

cub3d: srcs/main.o srcs/ft_split_cub.o srcs/parser.o srcs/parser_2.o srcs/parser_3.o srcs/deal_key.o srcs/minimap.o srcs/vision.o srcs/movements.o srcs/map3d.o srcs/utils.o srcs/texture.o
#  Implicit rule search has not been done.
#  Last modified 2022-05-25 00:38:44
#  File has been updated.
#  Successfully updated.
# variable set hash-table stats:
# Load=0/32=0%, Rehash=0, Collisions=0/0=0%
#  commands to execute (from `Makefile', line 27):
	@make -C libft/
	@$(CC) $(LDFLAG) $(FLAGS) $^ -o $@ libft/libft.a mlx/libmlx.a
	

# Not a target:
srcs/movements.c:
#  Implicit rule search has been done.
#  Last modified 2022-05-25 00:38:44
#  File has been updated.
#  Successfully updated.
# variable set hash-table stats:
# Load=0/32=0%, Rehash=0, Collisions=0/0=0%

# Not a target:
.SUFFIXES:
#  Implicit rule search has not been done.
#  Modification time never checked.
#  File has not been updated.

# Not a target:
Makefile:
#  Implicit rule search has been done.
#  Last modified 2022-05-24 02:07:31
#  File has been updated.
#  Successfully updated.
# variable set hash-table stats:
# Load=0/32=0%, Rehash=0, Collisions=0/0=0%

# Not a target:
srcs/main.c:
#  Implicit rule search has been done.
#  Last modified 2022-05-25 00:38:44
#  File has been updated.
#  Successfully updated.
# variable set hash-table stats:
# Load=0/32=0%, Rehash=0, Collisions=0/0=0%

srcs/texture.o: srcs/texture.c
#  Implicit rule search has been done.
#  Implicit/static pattern stem: `srcs/texture'
#  Last modified 2022-05-25 00:38:44
#  File has been updated.
#  Successfully updated.
# variable set hash-table stats:
# Load=0/32=0%, Rehash=0, Collisions=0/0=0%
#  commands to execute (from `Makefile', line 23):
	$(CC) $(FLAGS) -c $< -o $@ 
	

 
srcs/utils.o: srcs/utils.c
#  Implicit rule search has been done.
#  Implicit/static pattern stem: `srcs/utils'
#  Last modified 2022-05-25 00:38:44
#  File has been updated.
#  Successfully updated.
# variable set hash-table stats:
# Load=0/32=0%, Rehash=0, Collisions=0/0=0%
#  commands to execute (from `Makefile', line 23):
	$(CC) $(FLAGS) -c $< -o $@ 
	

# Not a target:
srcs/minimap.c:
#  Implicit rule search has been done.
#  Last modified 2022-05-25 00:38:44
#  File has been updated.
#  Successfully updated.
# variable set hash-table stats:
# Load=0/32=0%, Rehash=0, Collisions=0/0=0%

# Not a target:
srcs/parser_2.c:
#  Implicit rule search has been done.
#  Last modified 2022-05-25 00:38:44
#  File has been updated.
#  Successfully updated.
# variable set hash-table stats:
# Load=0/32=0%, Rehash=0, Collisions=0/0=0%

# Not a target:
srcs/deal_key.c:
#  Implicit rule search has been done.
#  Last modified 2022-05-25 00:38:44
#  File has been updated.
#  Successfully updated.
# variable set hash-table stats:
# Load=0/32=0%, Rehash=0, Collisions=0/0=0%

fclean: clean
#  Implicit rule search has not been done.
#  Modification time never checked.
#  File has not been updated.
#  commands to execute (from `Makefile', line 35):
	@make -C libft/ fclean
	rm -f $(NAME)
	

srcs/vision.o: srcs/vision.c
#  Implicit rule search has been done.
#  Implicit/static pattern stem: `srcs/vision'
#  Last modified 2022-05-25 00:38:44
#  File has been updated.
#  Successfully updated.
# variable set hash-table stats:
# Load=0/32=0%, Rehash=0, Collisions=0/0=0%
#  commands to execute (from `Makefile', line 23):
	$(CC) $(FLAGS) -c $< -o $@ 
	

srcs/parser_3.o: srcs/parser_3.c
#  Implicit rule search has been done.
#  Implicit/static pattern stem: `srcs/parser_3'
#  Last modified 2022-05-25 00:38:44
#  File has been updated.
#  Successfully updated.
# variable set hash-table stats:
# Load=0/32=0%, Rehash=0, Collisions=0/0=0%
#  commands to execute (from `Makefile', line 23):
	$(CC) $(FLAGS) -c $< -o $@ 
	

srcs/ft_split_cub.o: srcs/ft_split_cub.c
#  Implicit rule search has been done.
#  Implicit/static pattern stem: `srcs/ft_split_cub'
#  Last modified 2022-05-25 00:38:44
#  File has been updated.
#  Successfully updated.
# variable set hash-table stats:
# Load=0/32=0%, Rehash=0, Collisions=0/0=0%
#  commands to execute (from `Makefile', line 23):
	$(CC) $(FLAGS) -c $< -o $@ 
	

# Not a target:
srcs/map3d.c:
#  Implicit rule search has been done.
#  Last modified 2022-05-25 00:38:44
#  File has been updated.
#  Successfully updated.
# variable set hash-table stats:
# Load=0/32=0%, Rehash=0, Collisions=0/0=0%

# Not a target:
.DEFAULT:
#  Implicit rule search has not been done.
#  Modification time never checked.
#  File has not been updated.

re: fclean all
#  Implicit rule search has not been done.
#  Modification time never checked.
#  File has not been updated.

clean:
#  Implicit rule search has not been done.
#  Modification time never checked.
#  File has not been updated.
#  commands to execute (from `Makefile', line 31):
	@make -C libft/ clean
	rm -f $(OBJ)
	

# Not a target:
srcs/texture.c:
#  Implicit rule search has been done.
#  Last modified 2022-05-25 00:38:44
#  File has been updated.
#  Successfully updated.
# variable set hash-table stats:
# Load=0/32=0%, Rehash=0, Collisions=0/0=0%

# Not a target:
srcs/utils.c:
#  Implicit rule search has been done.
#  Last modified 2022-05-25 00:38:44
#  File has been updated.
#  Successfully updated.
# variable set hash-table stats:
# Load=0/32=0%, Rehash=0, Collisions=0/0=0%

srcs/parser.o: srcs/parser.c
#  Implicit rule search has been done.
#  Implicit/static pattern stem: `srcs/parser'
#  Last modified 2022-05-25 00:38:44
#  File has been updated.
#  Successfully updated.
# variable set hash-table stats:
# Load=0/32=0%, Rehash=0, Collisions=0/0=0%
#  commands to execute (from `Makefile', line 23):
	$(CC) $(FLAGS) -c $< -o $@ 
	

# Not a target:
srcs/vision.c:
#  Implicit rule search has been done.
#  Last modified 2022-05-22 17:19:53
#  File has been updated.
#  Successfully updated.
# variable set hash-table stats:
# Load=0/32=0%, Rehash=0, Collisions=0/0=0%

# Not a target:
srcs/parser_3.c:
#  Implicit rule search has been done.
#  Last modified 2022-05-25 00:38:44
#  File has been updated.
#  Successfully updated.
# variable set hash-table stats:
# Load=0/32=0%, Rehash=0, Collisions=0/0=0%

srcs/movements.o: srcs/movements.c
#  Implicit rule search has been done.
#  Implicit/static pattern stem: `srcs/movements'
#  Last modified 2022-05-25 00:38:44
#  File has been updated.
#  Successfully updated.
# variable set hash-table stats:
# Load=0/32=0%, Rehash=0, Collisions=0/0=0%
#  commands to execute (from `Makefile', line 23):
	$(CC) $(FLAGS) -c $< -o $@ 
	

# Not a target:
srcs/ft_split_cub.c:
#  Implicit rule search has been done.
#  Last modified 2022-05-24 02:04:00
#  File has been updated.
#  Successfully updated.
# variable set hash-table stats:
# Load=0/32=0%, Rehash=0, Collisions=0/0=0%

srcs/main.o: srcs/main.c
#  Implicit rule search has been done.
#  Implicit/static pattern stem: `srcs/main'
#  Last modified 2022-05-25 00:38:44
#  File has been updated.
#  Successfully updated.
# variable set hash-table stats:
# Load=0/32=0%, Rehash=0, Collisions=0/0=0%
#  commands to execute (from `Makefile', line 23):
	$(CC) $(FLAGS) -c $< -o $@ 
	

# files hash-table stats:
# Load=32/1024=3%, Rehash=0, Collisions=0/97=0%
# VPATH Search Paths

# No `vpath' search paths.

# No general (`VPATH' variable) search path.

# # of strings in strcache: 1
# # of strcache buffers: 1
# strcache size: total = 4096 / max = 4096 / min = 4096 / avg = 4096
# strcache free: total = 4087 / max = 4087 / min = 4087 / avg = 4087

# Finished Make data base on Wed May 25 09:37:41 2022

 
